<?xml version="1.0" encoding="UTF-8"?>
<testng-results ignored="0" total="1" passed="1" failed="0" skipped="0">
  <reporter-output>
  </reporter-output>
  <suite started-at="2024-06-24T10:42:15 WAT" name="Default suite" finished-at="2024-06-24T10:42:26 WAT" duration-ms="10271">
    <groups>
    </groups>
    <test started-at="2024-06-24T10:42:15 WAT" name="Default test" finished-at="2024-06-24T10:42:26 WAT" duration-ms="10271">
      <class name="javapactical.Readexcel">
        <test-method signature="getlogindata(java.lang.String, java.lang.String)[pri:0, instance:javapactical.Readexcel@418e7838]" started-at="2024-06-24T10:42:17 WAT" name="getlogindata" data-provider="productdata" finished-at="2024-06-24T10:42:26 WAT" duration-ms="8927" status="PASS">
          <params>
            <param index="0">
              <value>
                <![CDATA[Admin]]>
              </value>
            </param>
            <param index="1">
              <value>
                <![CDATA[admin123]]>
              </value>
            </param>
          </params>
          <reporter-output>
          </reporter-output>
        </test-method> <!-- getlogindata -->
      </class> <!-- javapactical.Readexcel -->
    </test> <!-- Default test -->
  </suite> <!-- Default suite -->
</testng-results>
