<?xml version="1.0" encoding="UTF-8"?>
<testng-results ignored="3" total="4" passed="1" failed="0" skipped="0">
  <reporter-output>
  </reporter-output>
  <suite started-at="2021-11-29T13:08:08 IST" name="Suite" finished-at="2021-11-29T13:08:28 IST" duration-ms="19983">
    <groups>
    </groups>
    <test started-at="2021-11-29T13:08:08 IST" name="Test" finished-at="2021-11-29T13:08:28 IST" duration-ms="19983">
      <class name="runner.Excecution">
        <test-method is-config="true" signature="beforesuite()[pri:0, instance:runner.Excecution@9597028]" started-at="2021-11-29T13:08:07 IST" name="beforesuite" finished-at="2021-11-29T13:08:08 IST" duration-ms="432" status="PASS">
          <reporter-output>
          </reporter-output>
        </test-method> <!-- beforesuite -->
        <test-method is-config="true" signature="beforeclass()[pri:0, instance:runner.Excecution@9597028]" started-at="2021-11-29T13:08:08 IST" name="beforeclass" finished-at="2021-11-29T13:08:08 IST" duration-ms="0" status="PASS">
          <reporter-output>
          </reporter-output>
        </test-method> <!-- beforeclass -->
        <test-method is-config="true" signature="beforemethod()[pri:0, instance:runner.Excecution@9597028]" started-at="2021-11-29T13:08:09 IST" name="beforemethod" finished-at="2021-11-29T13:08:25 IST" duration-ms="15417" status="PASS">
          <reporter-output>
          </reporter-output>
        </test-method> <!-- beforemethod -->
        <test-method signature="testcase1(java.lang.String,java.lang.String,java.lang.String)[pri:1, instance:runner.Excecution@9597028]" started-at="2021-11-29T13:08:25 IST" name="testcase1" data-provider="excelData" finished-at="2021-11-29T13:08:28 IST" duration-ms="3257" status="PASS">
          <params>
            <param index="0">
              <value>
                <![CDATA[Sathya]]>
              </value>
            </param>
            <param index="1">
              <value>
                <![CDATA[Sheela]]>
              </value>
            </param>
            <param index="2">
              <value>
                <![CDATA[1234567890]]>
              </value>
            </param>
          </params>
          <reporter-output>
          </reporter-output>
        </test-method> <!-- testcase1 -->
        <test-method is-config="true" signature="AfterMethod()[pri:0, instance:runner.Excecution@9597028]" started-at="2021-11-29T13:08:28 IST" name="AfterMethod" finished-at="2021-11-29T13:08:28 IST" duration-ms="0" status="PASS">
          <reporter-output>
          </reporter-output>
        </test-method> <!-- AfterMethod -->
        <test-method is-config="true" signature="AfterClass()[pri:0, instance:runner.Excecution@9597028]" started-at="2021-11-29T13:08:28 IST" name="AfterClass" finished-at="2021-11-29T13:08:28 IST" duration-ms="0" status="PASS">
          <reporter-output>
          </reporter-output>
        </test-method> <!-- AfterClass -->
        <test-method is-config="true" signature="AfterSuite()[pri:0, instance:runner.Excecution@9597028]" started-at="2021-11-29T13:08:28 IST" name="AfterSuite" finished-at="2021-11-29T13:08:29 IST" duration-ms="1200" status="PASS">
          <reporter-output>
          </reporter-output>
        </test-method> <!-- AfterSuite -->
      </class> <!-- runner.Excecution -->
    </test> <!-- Test -->
  </suite> <!-- Suite -->
</testng-results>
