<?xml version="1.0" encoding="UTF-8"?>
<!-- Generated by org.testng.reporters.JUnitXMLReporter -->
<testsuite ignored="3" hostname="LAPTOP-LJ33F6DB" failures="0" tests="1" name="Test" time="19.983" errors="0" timestamp="2021-11-29T13:08:28 IST">
  <testcase classname="runner.Excecution" name="testcase1" time="3.257"/>
  <testcase classname="runner.Excecution" name="testcase3" time="0.0">
    <ignored/>
  </testcase> <!-- testcase3 -->
  <testcase classname="runner.Excecution" name="testcase2" time="0.0">
    <ignored/>
  </testcase> <!-- testcase2 -->
  <testcase classname="runner.Excecution" name="testcase4" time="0.0">
    <ignored/>
  </testcase> <!-- testcase4 -->
</testsuite> <!-- Test -->
